<?xml version="1.0" encoding="UTF-8"?>
<!-- Generated by org.testng.reporters.JUnitReportReporter -->
<testsuite skipped="0" hostname="KrishnaPrasad" name="com.pom.Sample1" tests="7" failures="0" timestamp="28 Jan 2022 03:40:40 GMT" time="0.026" errors="0">
  <testcase name="test6" time="0.014" classname="com.pom.Sample1"/>
  <testcase name="test5" time="0.001" classname="com.pom.Sample1"/>
  <testcase name="test4" time="0.002" classname="com.pom.Sample1"/>
  <testcase name="test" time="0.002" classname="com.pom.Sample1"/>
  <testcase name="test3" time="0.003" classname="com.pom.Sample1"/>
  <testcase name="test1" time="0.001" classname="com.pom.Sample1"/>
  <testcase name="test2" time="0.003" classname="com.pom.Sample1"/>
</testsuite> <!-- com.pom.Sample1 -->
