<?xml version="1.0" encoding="UTF-8"?>
<!-- Generated by org.testng.reporters.JUnitReportReporter -->
<testsuite skipped="0" hostname="KrishnaPrasad" name="com.pom.Sample" tests="1" failures="0" timestamp="28 Jan 2022 03:32:13 GMT" time="18.000" errors="0">
  <testcase name="loginOperation" time="18.000" classname="com.pom.Sample"/>
</testsuite> <!-- com.pom.Sample -->
