<?xml version="1.0" encoding="UTF-8"?>
<!-- Generated by org.testng.reporters.JUnitReportReporter -->
<testsuite skipped="0" hostname="KrishnaPrasad" name="com.testng.New" tests="1" failures="0" timestamp="2022-02-01T09:56:50 IST" time="0.009" errors="0">
  <testcase name="get" time="0.009" classname="com.testng.New"/>
  <system-out/>
</testsuite> <!-- com.testng.New -->
