<?xml version="1.0" encoding="UTF-8"?>
<!-- Generated by org.testng.reporters.JUnitReportReporter -->
<testsuite skipped="0" hostname="KrishnaPrasad" name="projectmaven.BrokenImage" tests="1" failures="0" timestamp="30 Jan 2022 03:21:59 GMT" time="84.559" errors="0">
  <testcase name="test" time="84.559" classname="projectmaven.BrokenImage"/>
</testsuite> <!-- projectmaven.BrokenImage -->
